#
# A fatal error has been detected by the Java Runtime Environment:
#
#  EXCEPTION_ACCESS_VIOLATION (0xc0000005) at pc=0x000000006163f7b5, pid=7616, tid=6588
#
# JRE version: Java(TM) SE Runtime Environment (8.0_40-b25) (build 1.8.0_40-b25)
# Java VM: Java HotSpot(TM) 64-Bit Server VM (25.40-b25 mixed mode windows-amd64 compressed oops)
# Problematic frame:
# V  [jvm.dll+0x6f7b5]
#
# Failed to write core dump. Minidumps are not enabled by default on client versions of Windows
#
# If you would like to submit a bug report, please visit:
#   http://bugreport.java.com/bugreport/crash.jsp
#

---------------  T H R E A D  ---------------

Current thread (0x0000000002028000):  JavaThread "main" [_thread_in_vm, id=6588, stack(0x0000000002430000,0x0000000002530000)]

siginfo: ExceptionCode=0xc0000005, reading address 0x000000000000002b

Registers:
RAX=0x0000000000000000, RBX=0x0000000000000000, RCX=0x0000000000000000, RDX=0x0000000000000000
RSP=0x000000000252a180, RBP=0x000000000252a280, RSI=0x0000000002028000, RDI=0x0000000000000000
R8 =0x000000000252a2e0, R9 =0x0000000002545e08, R10=0x000000076bc192b8, R11=0x000000000252a140
R12=0x0000000000000000, R13=0x000000000211f900, R14=0x0000000000000000, R15=0x0000000002028b70
RIP=0x000000006163f7b5, EFLAGS=0x0000000000010202

Top of Stack: (sp=0x000000000252a180)
0x000000000252a180:   0000000000000000 0000000000000000
0x000000000252a190:   000000000252a280 0000000002028000
0x000000000252a1a0:   000000161bbb0101 0000040002028001
0x000000000252a1b0:   000000000252d8a8 0000000000000000
0x000000000252a1c0:   0000000000000000 0000000000000000
0x000000000252a1d0:   0000000000000000 0000000000000000
0x000000000252a1e0:   00000000000003d8 0000000002028f58
0x000000000252a1f0:   000000000252a910 0000000002028000
0x000000000252a200:   00000000026eb698 00000000000000c5
0x000000000252a210:   00000000026e8f10 0000000000000000
0x000000000252a220:   00000000026e8f10 0000000002028b80
0x000000000252a230:   000000001f47f270 000000076bc191b8
0x000000000252a240:   000000076bc191d8 000000076bc19228
0x000000000252a250:   000000076bc192b8 0000000000000016
0x000000000252a260:   000000000252c120 000000006175ab39
0x000000000252a270:   000000000252a4f0 0000000002028000 

Instructions: (pc=0x000000006163f7b5)
0x000000006163f795:   08 8b 4a 0c 4a 39 14 01 74 56 83 f9 18 75 0c 49
0x000000006163f7a5:   8b c8 e8 04 3d 0b 00 84 c0 75 45 c6 44 24 21 01
0x000000006163f7b5:   f6 47 2b 08 74 07 44 38 64 24 28 75 33 48 8d 4d
0x000000006163f7c5:   b0 4c 8b ce 44 8b c3 48 8b d7 e8 9c ea ff ff 4c 


Register to memory mapping:

RAX=0x0000000000000000 is an unknown value
RBX=0x0000000000000000 is an unknown value
RCX=0x0000000000000000 is an unknown value
RDX=0x0000000000000000 is an unknown value
RSP=0x000000000252a180 is pointing into the stack for thread: 0x0000000002028000
RBP=0x000000000252a280 is pointing into the stack for thread: 0x0000000002028000
RSI=0x0000000002028000 is a thread
RDI=0x0000000000000000 is an unknown value
R8 =0x000000000252a2e0 is pointing into the stack for thread: 0x0000000002028000
R9 =0x0000000002545e08 is at code_begin+840 in an Interpreter codelet
method entry point (kind = native)  [0x0000000002545ac0, 0x0000000002546420]  2400 bytes
R10=0x000000076bc192b8 is an oop
[Ljava.lang.Object; 
 - klass: 'java/lang/Object'[]
 - length: 32
R11=0x000000000252a140 is pointing into the stack for thread: 0x0000000002028000
R12=0x0000000000000000 is an unknown value
R13=0x000000000211f900 is an unknown value
R14=0x0000000000000000 is an unknown value
R15=0x0000000002028b70 is an unknown value


Stack: [0x0000000002430000,0x0000000002530000],  sp=0x000000000252a180,  free space=1000k
Native frames: (J=compiled Java code, j=interpreted, Vv=VM code, C=native code)
V  [jvm.dll+0x6f7b5]
V  [jvm.dll+0x6f974]
V  [jvm.dll+0x184489]
C  [java.dll+0x836e]
C  0x000000000265e2b5

Java frames: (J=compiled Java code, j=interpreted, Vv=VM code)
J 85  java.lang.Throwable.fillInStackTrace(I)Ljava/lang/Throwable; (0 bytes) @ 0x000000000265e23b [0x000000000265e200+0x3b]
J 84 C1 java.lang.Throwable.fillInStackTrace()Ljava/lang/Throwable; (29 bytes) @ 0x000000000265de1c [0x000000000265dc40+0x1dc]
j  java.lang.Throwable.<init>(Ljava/lang/String;Ljava/lang/Throwable;)V+24
j  java.lang.Exception.<init>(Ljava/lang/String;Ljava/lang/Throwable;)V+3
j  java.lang.ReflectiveOperationException.<init>(Ljava/lang/String;Ljava/lang/Throwable;)V+3
j  java.lang.ClassNotFoundException.<init>(Ljava/lang/String;)V+3
j  java.net.URLClassLoader.findClass(Ljava/lang/String;)Ljava/lang/Class;+41
J 251 C1 java.lang.ClassLoader.loadClass(Ljava/lang/String;Z)Ljava/lang/Class; (122 bytes) @ 0x00000000026e9bf4 [0x00000000026e9280+0x974]
J 251 C1 java.lang.ClassLoader.loadClass(Ljava/lang/String;Z)Ljava/lang/Class; (122 bytes) @ 0x00000000026e9994 [0x00000000026e9280+0x714]
j  sun.misc.Launcher$AppClassLoader.loadClass(Ljava/lang/String;Z)Ljava/lang/Class;+81
j  java.lang.ClassLoader.loadClass(Ljava/lang/String;)Ljava/lang/Class;+3
v  ~StubRoutines::call_stub
j  java.lang.Class.forName0(Ljava/lang/String;ZLjava/lang/ClassLoader;Ljava/lang/Class;)Ljava/lang/Class;+0
j  java.lang.Class.forName(Ljava/lang/String;ZLjava/lang/ClassLoader;)Ljava/lang/Class;+49
j  org.bytedeco.javacpp.Loader.putMemberOffset(Ljava/lang/String;Ljava/lang/String;I)Ljava/lang/Class;+14
v  ~StubRoutines::call_stub
j  java.lang.ClassLoader$NativeLibrary.load(Ljava/lang/String;Z)V+0
j  java.lang.ClassLoader.loadLibrary0(Ljava/lang/Class;Ljava/io/File;)Z+328
j  java.lang.ClassLoader.loadLibrary(Ljava/lang/Class;Ljava/lang/String;Z)V+48
j  java.lang.Runtime.load0(Ljava/lang/Class;Ljava/lang/String;)V+57
j  java.lang.System.load(Ljava/lang/String;)V+7
j  org.bytedeco.javacpp.Loader.loadLibrary([Ljava/net/URL;Ljava/lang/String;)Ljava/lang/String;+304
j  org.bytedeco.javacpp.Loader.load(Ljava/lang/Class;Ljava/util/Properties;Z)Ljava/lang/String;+429
j  org.bytedeco.javacpp.Loader.load()Ljava/lang/String;+8
j  org.nd4j.nativeblas.Nd4jCpu.<clinit>()V+0
v  ~StubRoutines::call_stub
j  java.lang.Class.forName0(Ljava/lang/String;ZLjava/lang/ClassLoader;Ljava/lang/Class;)Ljava/lang/Class;+0
j  java.lang.Class.forName(Ljava/lang/String;ZLjava/lang/ClassLoader;)Ljava/lang/Class;+49
j  org.bytedeco.javacpp.Loader.load(Ljava/lang/Class;Ljava/util/Properties;Z)Ljava/lang/String;+183
j  org.bytedeco.javacpp.Loader.load()Ljava/lang/String;+8
j  org.nd4j.nativeblas.Nd4jCpu$NativeOps.<clinit>()V+0
v  ~StubRoutines::call_stub
j  0x0000000002545e08
C  0x0000000000000000

[error occurred during error reporting (printing Java stack), id 0xc0000005]


---------------  P R O C E S S  ---------------

Java Threads: ( => current thread )
  0x000000001f5df800 JavaThread "JavaCPP Deallocator" daemon [_thread_blocked, id=1756, stack(0x000000001fb90000,0x000000001fc90000)]
  0x000000001d4f6800 JavaThread "Service Thread" daemon [_thread_blocked, id=9180, stack(0x000000001f290000,0x000000001f390000)]
  0x000000001d49b800 JavaThread "C1 CompilerThread3" daemon [_thread_blocked, id=8180, stack(0x000000001f040000,0x000000001f140000)]
  0x000000001d492800 JavaThread "C2 CompilerThread2" daemon [_thread_in_native, id=5392, stack(0x000000001e500000,0x000000001e600000)]
  0x000000001d47f800 JavaThread "C2 CompilerThread1" daemon [_thread_blocked, id=5256, stack(0x000000001ee40000,0x000000001ef40000)]
  0x000000001d467800 JavaThread "C2 CompilerThread0" daemon [_thread_blocked, id=9120, stack(0x000000001ec40000,0x000000001ed40000)]
  0x000000001d465000 JavaThread "Attach Listener" daemon [_thread_blocked, id=5896, stack(0x000000001eac0000,0x000000001ebc0000)]
  0x000000001d464000 JavaThread "Signal Dispatcher" daemon [_thread_blocked, id=3336, stack(0x000000001e890000,0x000000001e990000)]
  0x000000001c39f000 JavaThread "Finalizer" daemon [_thread_blocked, id=6816, stack(0x000000001e770000,0x000000001e870000)]
  0x000000001c398800 JavaThread "Reference Handler" daemon [_thread_blocked, id=6988, stack(0x000000001e600000,0x000000001e700000)]
=>0x0000000002028000 JavaThread "main" [_thread_in_vm, id=6588, stack(0x0000000002430000,0x0000000002530000)]

Other Threads:
  0x000000001d402000 VMThread [stack: 0x000000001e3f0000,0x000000001e4f0000] [id=8528]
  0x000000001d4f8000 WatcherThread [stack: 0x000000001f180000,0x000000001f280000] [id=9144]

VM state:not at safepoint (normal execution)

VM Mutex/Monitor currently owned by a thread: None

Heap:
 PSYoungGen      total 76288K, used 10486K [0x000000076b200000, 0x0000000770700000, 0x00000007c0000000)
  eden space 65536K, 16% used [0x000000076b200000,0x000000076bc3d828,0x000000076f200000)
  from space 10752K, 0% used [0x000000076fc80000,0x000000076fc80000,0x0000000770700000)
  to   space 10752K, 0% used [0x000000076f200000,0x000000076f200000,0x000000076fc80000)
 ParOldGen       total 175104K, used 0K [0x00000006c1600000, 0x00000006cc100000, 0x000000076b200000)
  object space 175104K, 0% used [0x00000006c1600000,0x00000006c1600000,0x00000006cc100000)
 Metaspace       used 5194K, capacity 5752K, committed 6016K, reserved 1056768K
  class space    used 540K, capacity 560K, committed 640K, reserved 1048576K

Card table byte_map: [0x00000000118f0000,0x00000000120f0000] byte_map_base: 0x000000000e2e5000

Marking Bits: (ParMarkBitMap*) 0x0000000061dd4040
 Begin Bits: [0x0000000013260000, 0x0000000017208000)
 End Bits:   [0x0000000017208000, 0x000000001b1b0000)

Polling page: 0x0000000000320000

CodeCache: size=245760Kb used=1926Kb max_used=1934Kb free=243833Kb
 bounds [0x0000000002530000, 0x00000000027a0000, 0x0000000011530000]
 total_blobs=662 nmethods=326 adapters=249
 compilation: enabled

Compilation events (10 events):
Event: 0.201 Thread 0x000000001d49b800  324       3       java.lang.ThreadLocal$ThreadLocalMap::access$000 (6 bytes)
Event: 0.202 Thread 0x000000001d49b800 nmethod 324 0x0000000002711810 code [0x0000000002711980, 0x0000000002711ae8]
Event: 0.202 Thread 0x000000001d467800  325       4       java.lang.String::<init> (62 bytes)
Event: 0.204 Thread 0x000000001d467800 nmethod 325 0x0000000002714b50 code [0x0000000002714ca0, 0x0000000002714f38]
Event: 0.206 Thread 0x000000001d49b800  326       3       java.net.URI::access$300 (7 bytes)
Event: 0.206 Thread 0x000000001d49b800 nmethod 326 0x00000000027147d0 code [0x0000000002714940, 0x0000000002714aa8]
Event: 0.206 Thread 0x000000001d49b800  327       3       java.net.URI::match (56 bytes)
Event: 0.206 Thread 0x000000001d49b800 nmethod 327 0x00000000027142d0 code [0x0000000002714440, 0x0000000002714750]
Event: 0.206 Thread 0x000000001d49b800  328       3       java.lang.String::substring (56 bytes)
Event: 0.206 Thread 0x000000001d49b800 nmethod 328 0x0000000002713c10 code [0x0000000002713da0, 0x0000000002714148]

GC Heap History (0 events):
No events

Deoptimization events (0 events):
No events

Internal exceptions (10 events):
Event: 0.093 Thread 0x0000000002028000 Exception <a 'java/security/PrivilegedActionException'> (0x000000076b6653c0) thrown at [D:\re\workspace\8-2-build-windows-amd64-cygwin\jdk8u40\2855\hotspot\src\share\vm\prims\jvm.cpp, line 1382]
Event: 0.093 Thread 0x0000000002028000 Exception <a 'java/security/PrivilegedActionException'> (0x000000076b665578) thrown at [D:\re\workspace\8-2-build-windows-amd64-cygwin\jdk8u40\2855\hotspot\src\share\vm\prims\jvm.cpp, line 1382]
Event: 0.093 Thread 0x0000000002028000 Exception <a 'java/security/PrivilegedActionException'> (0x000000076b666640) thrown at [D:\re\workspace\8-2-build-windows-amd64-cygwin\jdk8u40\2855\hotspot\src\share\vm\prims\jvm.cpp, line 1382]
Event: 0.093 Thread 0x0000000002028000 Exception <a 'java/security/PrivilegedActionException'> (0x000000076b6667f8) thrown at [D:\re\workspace\8-2-build-windows-amd64-cygwin\jdk8u40\2855\hotspot\src\share\vm\prims\jvm.cpp, line 1382]
Event: 0.093 Thread 0x0000000002028000 Exception <a 'java/security/PrivilegedActionException'> (0x000000076b667828) thrown at [D:\re\workspace\8-2-build-windows-amd64-cygwin\jdk8u40\2855\hotspot\src\share\vm\prims\jvm.cpp, line 1382]
Event: 0.093 Thread 0x0000000002028000 Exception <a 'java/security/PrivilegedActionException'> (0x000000076b6679e0) thrown at [D:\re\workspace\8-2-build-windows-amd64-cygwin\jdk8u40\2855\hotspot\src\share\vm\prims\jvm.cpp, line 1382]
Event: 0.118 Thread 0x0000000002028000 Exception <a 'java/security/PrivilegedActionException'> (0x000000076b75fca8) thrown at [D:\re\workspace\8-2-build-windows-amd64-cygwin\jdk8u40\2855\hotspot\src\share\vm\prims\jvm.cpp, line 1382]
Event: 0.118 Thread 0x0000000002028000 Exception <a 'java/security/PrivilegedActionException'> (0x000000076b75fe60) thrown at [D:\re\workspace\8-2-build-windows-amd64-cygwin\jdk8u40\2855\hotspot\src\share\vm\prims\jvm.cpp, line 1382]
Event: 0.119 Thread 0x0000000002028000 Exception <a 'java/security/PrivilegedActionException'> (0x000000076b762400) thrown at [D:\re\workspace\8-2-build-windows-amd64-cygwin\jdk8u40\2855\hotspot\src\share\vm\prims\jvm.cpp, line 1382]
Event: 0.119 Thread 0x0000000002028000 Exception <a 'java/security/PrivilegedActionException'> (0x000000076b7625b8) thrown at [D:\re\workspace\8-2-build-windows-amd64-cygwin\jdk8u40\2855\hotspot\src\share\vm\prims\jvm.cpp, line 1382]

Events (10 events):
Event: 0.190 loading class java/util/ArrayList$SubList$1
Event: 0.190 loading class java/util/ArrayList$SubList$1 done
Event: 0.194 loading class java/net/URI
Event: 0.194 loading class java/net/URI done
Event: 0.194 loading class java/net/URI$Parser
Event: 0.194 loading class java/net/URI$Parser done
Event: 0.197 loading class java/lang/ClassLoaderHelper
Event: 0.197 loading class java/lang/ClassLoaderHelper done
Event: 0.208 loading class org/bytedeco/javacpp/ShortPointer
Event: 0.208 loading class org/bytedeco/javacpp/ShortPointer done


Dynamic libraries:
0x000000013f9b0000 - 0x000000013f9e7000 	C:\pleiades\java\8\bin\javaw.exe
0x0000000076ea0000 - 0x000000007704a000 	C:\Windows\SYSTEM32\ntdll.dll
0x0000000076d80000 - 0x0000000076e9f000 	C:\Windows\system32\kernel32.dll
0x000007fefcc60000 - 0x000007fefccca000 	C:\Windows\system32\KERNELBASE.dll
0x000007fefd890000 - 0x000007fefd96b000 	C:\Windows\system32\ADVAPI32.dll
0x000007fefeb60000 - 0x000007fefebff000 	C:\Windows\system32\msvcrt.dll
0x000007feff190000 - 0x000007feff1af000 	C:\Windows\SYSTEM32\sechost.dll
0x000007fefec20000 - 0x000007fefed4d000 	C:\Windows\system32\RPCRT4.dll
0x0000000076c80000 - 0x0000000076d7a000 	C:\Windows\system32\USER32.dll
0x000007feff120000 - 0x000007feff187000 	C:\Windows\system32\GDI32.dll
0x000007fefd880000 - 0x000007fefd88e000 	C:\Windows\system32\LPK.dll
0x000007fefd970000 - 0x000007fefda3a000 	C:\Windows\system32\USP10.dll
0x000007fefb730000 - 0x000007fefb924000 	C:\Windows\WinSxS\amd64_microsoft.windows.common-controls_6595b64144ccf1df_6.0.7601.18837_none_fa3b1e3d17594757\COMCTL32.dll
0x000007fefd720000 - 0x000007fefd791000 	C:\Windows\system32\SHLWAPI.dll
0x000007fefed50000 - 0x000007fefed7e000 	C:\Windows\system32\IMM32.DLL
0x000007fefe870000 - 0x000007fefe979000 	C:\Windows\system32\MSCTF.dll
0x00000000637e0000 - 0x00000000638b2000 	C:\pleiades\java\8\jre\bin\msvcr100.dll
0x00000000615d0000 - 0x0000000061e53000 	C:\pleiades\java\8\jre\bin\server\jvm.dll
0x000007fef4820000 - 0x000007fef4829000 	C:\Windows\system32\WSOCK32.dll
0x000007fefd3f0000 - 0x000007fefd43d000 	C:\Windows\system32\WS2_32.dll
0x000007fefef90000 - 0x000007fefef98000 	C:\Windows\system32\NSI.dll
0x000007fefaaf0000 - 0x000007fefab2b000 	C:\Windows\system32\WINMM.dll
0x000007fefbca0000 - 0x000007fefbcac000 	C:\Windows\system32\VERSION.dll
0x0000000077060000 - 0x0000000077067000 	C:\Windows\system32\PSAPI.DLL
0x000000006c0f0000 - 0x000000006c0ff000 	C:\pleiades\java\8\jre\bin\verify.dll
0x0000000066460000 - 0x0000000066489000 	C:\pleiades\java\8\jre\bin\java.dll
0x000000006a350000 - 0x000000006a366000 	C:\pleiades\java\8\jre\bin\zip.dll
0x000007fefda40000 - 0x000007fefe7ca000 	C:\Windows\system32\SHELL32.dll
0x000007fefed80000 - 0x000007fefef83000 	C:\Windows\system32\ole32.dll
0x000007fefcbd0000 - 0x000007fefcbdf000 	C:\Windows\system32\profapi.dll
0x0000000069480000 - 0x00000000698be000 	C:\Users\WinGAIA\.javacpp\cache\nd4j-native-0.7.3-SNAPSHOT-windows-x86_64.jar\org\nd4j\nativeblas\windows-x86_64\libnd4jcpu.dll
0x0000000555590000 - 0x0000000555621000 	C:\Users\WinGAIA\.javacpp\cache\nd4j-native-0.7.3-SNAPSHOT-windows-x86_64.jar\org\nd4j\nativeblas\windows-x86_64\jnind4jcpu.dll
0x0000000180040000 - 0x0000000180600000 	C:\msys64\usr\bin\msys-2.0.dll
0x000007fef9de0000 - 0x000007fef9f05000 	C:\Windows\system32\dbghelp.dll

VM Arguments:
jvm_args: -Dfile.encoding=UTF-8 
java_command: test_nd4j.Sample_nd4j
java_class_path (initial): C:\pleiades\workspace\originalDnn_jblas\bin;C:\aparapi-master\dist_windows_x86_64\aparapi.jar;C:\pleiades\eclipse\plugins\universal-java-matrix-package\ujmp-complete-0.3.0.jar;C:\pleiades\eclipse\plugins\org.apache.commons.StringUtils\commons-lang3-3.5.jar;C:\pleiades\eclipse\plugins\org.apache.commons.StringUtils\commons-lang3-3.5-javadoc.jar;C:\pleiades\eclipse\plugins\jblas\1.2.4\jblas-1.2.4.jar;C:\pleiades\eclipse\lombok.jar;C:\pleiades\workspace\MT\bin;C:\pleiades\eclipse\plugins\nd4j\nd4j-aeron\0.7.3-SNAPSHOT\nd4j-aeron-0.7.3-SNAPSHOT.jar;C:\pleiades\eclipse\plugins\nd4j\nd4j-api\0.7.3-SNAPSHOT\nd4j-api-0.7.3-SNAPSHOT.jar;C:\pleiades\eclipse\plugins\nd4j\nd4j-backend-impls\0.7.3-SNAPSHOT\nd4j-backend-impls-0.7.3-SNAPSHOT.jar;C:\pleiades\eclipse\plugins\nd4j\nd4j-base64\0.7.3-SNAPSHOT\nd4j-base64-0.7.3-SNAPSHOT.jar;C:\pleiades\eclipse\plugins\nd4j\nd4j-buffer\0.7.3-SNAPSHOT\nd4j-buffer-0.7.3-SNAPSHOT.jar;C:\pleiades\eclipse\plugins\nd4j\nd4j-context\0.7.3-SNAPSHOT\nd4j-context-0.7.3-SNAPSHOT.jar;C:\pleiades\eclipse\plugins\slf4j\slf4j-api-1.7.22.jar;C:\pleiades\eclipse\plugins\reflections\reflections\0.9.10\reflections-0.9.10.jar;C:\pleiades\eclipse\plugins\google.common\guava-19.0.jar;C:\pleiades\eclipse\plugins\google.common\guava-19.0-javadoc.jar;C:\pleiades\eclipse\plugins\jboss-javassist-javassist-6a3ed31\javassist.jar;C:\pleiades\eclipse\plugins\nd4j\nd4j-bytebuddy\0.7.3-SNAPSHOT\nd4j-bytebuddy-0.7.3-SNAPSHOT.jar;C:\pleiades\eclipse\plugins\nd4j\nd4j-common\0.7.3-SNAPSHOT\nd4j-common-0.7.3-SNAPSHOT.jar;C:\pleiades\eclipse\plugins\nd4j\nd4j-gson\0.7.3-SNAPSHOT\nd4j-gson-0.7.3-SNAPSHOT.jar;C:\pleiades\eclipse\plugins\nd4j\nd4j-native\0.7.3-SNAPSHOT\nd4j-native-0.7.3-SNAPSHOT.jar;C:\pleiades\eclipse\plugins\nd4j\nd4j-native-api\0.7.3-SNAPSHOT\nd4j-native-api-0.7.3-SNAPSHOT.jar;C:\pleiades\eclipse\plugins\bytedeco\javacpp\1.3.1;C:\pleiades\eclipse\plugins\bytedeco\javacpp\1.3.1\javacpp-1.3.1.jar;C:\pleiades\eclipse\plugins\apache\
Launcher Type: SUN_STANDARD

Environment Variables:
JAVA_HOME=C:\Program Files\Java\jdk1.8.0_102
PATH=C:/pleiades/eclipse/jre/bin/../jre/bin/server;C:/pleiades/eclipse/jre/bin/../jre/bin;C:/pleiades/eclipse/jre/bin/../jre/lib/amd64;C:\msys64\usr\bin;C:\mingw64\mingw64\bin;C:\ProgramData\Oracle\Java\javapath;C:\Program Files\CMake\bin;C:\Ruby23-x64\bin;C:\Program Files\Microsoft MPI\Bin\;C:\Program Files (x86)\Intel\OpenCL SDK\6.3\bin\x64;C:\Program Files (x86)\Intel\OpenCL SDK\6.3\bin\x86;C:\Program Files (x86)\Intel\OpenCL SDK\6.3\bin\Pin;C:\Program Files (x86)\Intel\OpenCL SDK\6.3\bin\GTPin;C:\Program Files\Python35\Scripts\;C:\Program Files\Python35\;C:\Program Files\Java\jdk1.8.0_102\bin\;C:\Program Files (x86)\AMD APP\bin\x86_64;C:\Program Files (x86)\AMD APP\bin\x86;C:\Program Files (x86)\Intel\iCLS Client\;C:\Program Files\Intel\iCLS Client\;C:\Windows\system32;C:\Windows;C:\Windows\System32\Wbem;C:\Windows\System32\WindowsPowerShell\v1.0\;C:\Program Files\Intel\Intel(R) Management Engine Components\DAL;C:\Program Files\Intel\Intel(R) Management Engine Components\IPT;C:\Program Files (x86)\Intel\Intel(R) Management Engine Components\DAL;C:\Program Files (x86)\Intel\Intel(R) Management Engine Components\IPT;C:\Program Files (x86)\ATI Technologies\ATI.ACE\Core-Static;C:\Program Files (x86)\Intel\OpenCL SDK\3.0\bin\x86;C:\Program Files (x86)\Intel\OpenCL SDK\3.0\bin\x64;C:\Program Files\Git\cmd;C:\BLAS;C:\apache-maven-3.3.9\bin\;C:\Apache-ant\apache-ant-1.9.7\bin;C:\MinGW\bin;C:\MinGW\msys\1.0\bin;C:\Program Files (x86)\AMD APP SDK\3.0\bin\x86_64;C:\Program Files (x86)\AMD APP SDK\3.0\bin\x86;C:\Program Files (x86)\GtkSharp\2.12\bin;C:\Program Files\Microsoft SQL Server\130\Tools\Binn\;C:\Program Files (x86)\Windows Kits\10\Windows Performance Toolkit\;C:\Program Files (x86)\scala\bin;C:\Program Files (x86)\sbt\bin;C:\opencv-3.1.0source\mingwcv\bin;C:\msys64\mingw64\bin;C:\Program Files\Microsoft\Web Platform Installer\;C:\Users\WinGAIA\.dnx\bin;C:\Program Files (x86)\scala\bin;C:\Program Files (x86)\sbt\bin;C:\activator-dist-1.3.12\bin;;C:\pleiades\eclipse;
USERNAME=WinGAIA
OS=Windows_NT
PROCESSOR_IDENTIFIER=Intel64 Family 6 Model 60 Stepping 3, GenuineIntel



---------------  S Y S T E M  ---------------

OS: Windows 7 , 64 bit Build 7601 (6.1.7601.23572)

CPU:total 8 (4 cores per cpu, 2 threads per core) family 6 model 60 stepping 3, cmov, cx8, fxsr, mmx, sse, sse2, sse3, ssse3, sse4.1, sse4.2, popcnt, avx, avx2, aes, clmul, erms, rtm, lzcnt, ht, tsc, tscinvbit, bmi1, bmi2

Memory: 4k page, physical 16686628k(7600156k free), swap 33371396k(21744812k free)

vm_info: Java HotSpot(TM) 64-Bit Server VM (25.40-b25) for windows-amd64 JRE (1.8.0_40-b25), built on Feb 10 2015 21:53:57 by "java_re" with MS VC++ 10.0 (VS2010)

time: Tue Mar 07 15:38:28 2017
elapsed time: 0 seconds (0d 0h 0m 0s)

