#
# A fatal error has been detected by the Java Runtime Environment:
#
#  EXCEPTION_ACCESS_VIOLATION (0xc0000005) at pc=0x00000000618a3bab, pid=4696, tid=5596
#
# JRE version: Java(TM) SE Runtime Environment (8.0_40-b25) (build 1.8.0_40-b25)
# Java VM: Java HotSpot(TM) 64-Bit Server VM (25.40-b25 mixed mode windows-amd64 compressed oops)
# Problematic frame:
# V  [jvm.dll+0x2d3bab]
#
# Failed to write core dump. Minidumps are not enabled by default on client versions of Windows
#
# If you would like to submit a bug report, please visit:
#   http://bugreport.java.com/bugreport/crash.jsp
#

---------------  T H R E A D  ---------------

Current thread (0x0000000001f18000):  JavaThread "main" [_thread_in_vm, id=5596, stack(0x0000000002280000,0x0000000002380000)]

siginfo: ExceptionCode=0xc0000005, reading address 0x0000000000000008

Registers:
RAX=0x0000000002380800, RBX=0x000000000237a090, RCX=0x000000000237a090, RDX=0x0000000001f2d300
RSP=0x0000000002379f30, RBP=0x000000000237a060, RSI=0x0000000000000000, RDI=0x000000001b66c038
R8 =0x0000000000000000, R9 =0x0000000000000000, R10=0x000000076bc19268, R11=0x000000000000000c
R12=0x0000000000000000, R13=0x00000000001ef900, R14=0x0000000000000000, R15=0x0000000001f18b70
RIP=0x00000000618a3bab, EFLAGS=0x0000000000010246

Top of Stack: (sp=0x0000000002379f30)
0x0000000002379f30:   000000001b66c038 000000000237a060
0x0000000002379f40:   0000000002395e08 0000000000000000
0x0000000002379f50:   0000000000000000 000000006163f630
0x0000000002379f60:   0000000000000000 0000000000000000
0x0000000002379f70:   000000000237a060 0000000001f18000
0x0000000002379f80:   000000171b860101 0000040001f18001
0x0000000002379f90:   000000000237d708 0000000000000000
0x0000000002379fa0:   0000000000000000 0000000000000000
0x0000000002379fb0:   0000000000000000 000000000237d708
0x0000000002379fc0:   00000000000003d8 0000000001f18f58
0x0000000002379fd0:   000000000237a6f0 0000000001f18000
0x0000000002379fe0:   000000000253a618 00000000000000c5
0x0000000002379ff0:   0000000002537e90 0000000000000000
0x000000000237a000:   0000000002537e90 0000000001f18b80
0x000000000237a010:   000000001f31e720 000000076bc19168
0x000000000237a020:   000000076bc19188 000000076bc191d8 

Instructions: (pc=0x00000000618a3bab)
0x00000000618a3b8b:   c3 48 83 79 10 00 74 11 48 8b d3 e8 25 fb ff ff
0x00000000618a3b9b:   48 8b c3 48 83 c4 20 5b c3 4c 8b 41 20 48 8b cb
0x00000000618a3bab:   4d 8b 48 08 49 8d 50 10 4d 8b 00 e8 45 88 d4 ff
0x00000000618a3bbb:   48 8b c3 48 83 c4 20 5b c3 cc cc cc cc cc cc cc 


Register to memory mapping:

RAX=0x0000000002380800 is at begin+32 in a stub
StubRoutines::forward exception [0x00000000023807e0, 0x0000000002380827[ (71 bytes)
RBX=0x000000000237a090 is pointing into the stack for thread: 0x0000000001f18000
RCX=0x000000000237a090 is pointing into the stack for thread: 0x0000000001f18000
RDX=0x0000000001f2d300 is an unknown value
RSP=0x0000000002379f30 is pointing into the stack for thread: 0x0000000001f18000
RBP=0x000000000237a060 is pointing into the stack for thread: 0x0000000001f18000
RSI=0x0000000000000000 is an unknown value
RDI={method} {0x000000001b66c040} 'forName0' '(Ljava/lang/String;ZLjava/lang/ClassLoader;Ljava/lang/Class;)Ljava/lang/Class;' in 'java/lang/Class'
R8 =0x0000000000000000 is an unknown value
R9 =0x0000000000000000 is an unknown value
R10=0x000000076bc19268 is an oop
[Ljava.lang.Object; 
 - klass: 'java/lang/Object'[]
 - length: 32
R11=0x000000000000000c is an unknown value
R12=0x0000000000000000 is an unknown value
R13=0x00000000001ef900 is an unknown value
R14=0x0000000000000000 is an unknown value
R15=0x0000000001f18b70 is an unknown value


Stack: [0x0000000002280000,0x0000000002380000],  sp=0x0000000002379f30,  free space=999k
Native frames: (J=compiled Java code, j=interpreted, Vv=VM code, C=native code)
V  [jvm.dll+0x2d3bab]
V  [jvm.dll+0x6f630]
V  [jvm.dll+0x6f974]
V  [jvm.dll+0x184489]
C  [java.dll+0x836e]
C  0x00000000024bb3b5

Java frames: (J=compiled Java code, j=interpreted, Vv=VM code)
J 92  java.lang.Throwable.fillInStackTrace(I)Ljava/lang/Throwable; (0 bytes) @ 0x00000000024bb33b [0x00000000024bb300+0x3b]
J 82 C1 java.lang.Throwable.fillInStackTrace()Ljava/lang/Throwable; (29 bytes) @ 0x00000000024b631c [0x00000000024b6140+0x1dc]
j  java.lang.Throwable.<init>(Ljava/lang/String;Ljava/lang/Throwable;)V+24
j  java.lang.Exception.<init>(Ljava/lang/String;Ljava/lang/Throwable;)V+3
j  java.lang.ReflectiveOperationException.<init>(Ljava/lang/String;Ljava/lang/Throwable;)V+3
j  java.lang.ClassNotFoundException.<init>(Ljava/lang/String;)V+3
j  java.net.URLClassLoader.findClass(Ljava/lang/String;)Ljava/lang/Class;+41
J 244 C1 java.lang.ClassLoader.loadClass(Ljava/lang/String;Z)Ljava/lang/Class; (122 bytes) @ 0x0000000002538b74 [0x0000000002538200+0x974]
J 244 C1 java.lang.ClassLoader.loadClass(Ljava/lang/String;Z)Ljava/lang/Class; (122 bytes) @ 0x0000000002538914 [0x0000000002538200+0x714]
j  sun.misc.Launcher$AppClassLoader.loadClass(Ljava/lang/String;Z)Ljava/lang/Class;+81
j  java.lang.ClassLoader.loadClass(Ljava/lang/String;)Ljava/lang/Class;+3
v  ~StubRoutines::call_stub
j  java.lang.Class.forName0(Ljava/lang/String;ZLjava/lang/ClassLoader;Ljava/lang/Class;)Ljava/lang/Class;+0
j  java.lang.Class.forName(Ljava/lang/String;ZLjava/lang/ClassLoader;)Ljava/lang/Class;+49
j  org.bytedeco.javacpp.Loader.putMemberOffset(Ljava/lang/String;Ljava/lang/String;I)Ljava/lang/Class;+14
v  ~StubRoutines::call_stub
j  java.lang.ClassLoader$NativeLibrary.load(Ljava/lang/String;Z)V+0
j  java.lang.ClassLoader.loadLibrary0(Ljava/lang/Class;Ljava/io/File;)Z+328
j  java.lang.ClassLoader.loadLibrary(Ljava/lang/Class;Ljava/lang/String;Z)V+48
j  java.lang.Runtime.load0(Ljava/lang/Class;Ljava/lang/String;)V+57
j  java.lang.System.load(Ljava/lang/String;)V+7
j  org.bytedeco.javacpp.Loader.loadLibrary([Ljava/net/URL;Ljava/lang/String;)Ljava/lang/String;+304
j  org.bytedeco.javacpp.Loader.load(Ljava/lang/Class;Ljava/util/Properties;Z)Ljava/lang/String;+429
j  org.bytedeco.javacpp.Loader.load()Ljava/lang/String;+8
j  org.nd4j.nativeblas.Nd4jCpu.<clinit>()V+0
v  ~StubRoutines::call_stub
j  java.lang.Class.forName0(Ljava/lang/String;ZLjava/lang/ClassLoader;Ljava/lang/Class;)Ljava/lang/Class;+0
j  java.lang.Class.forName(Ljava/lang/String;ZLjava/lang/ClassLoader;)Ljava/lang/Class;+49
j  org.bytedeco.javacpp.Loader.load(Ljava/lang/Class;Ljava/util/Properties;Z)Ljava/lang/String;+183
j  org.bytedeco.javacpp.Loader.load()Ljava/lang/String;+8
j  org.nd4j.nativeblas.Nd4jCpu$NativeOps.<clinit>()V+0
v  ~StubRoutines::call_stub
j  java.lang.Class.forName0(Ljava/lang/String;ZLjava/lang/ClassLoader;Ljava/lang/Class;)Ljava/lang/Class;+0
C  0x0000000000000000
C  0x0000000000000000

[error occurred during error reporting (printing Java stack), id 0xc0000005]


---------------  P R O C E S S  ---------------

Java Threads: ( => current thread )
  0x000000001f3bf000 JavaThread "JavaCPP Deallocator" daemon [_thread_blocked, id=2536, stack(0x000000001fa20000,0x000000001fb20000)]
  0x000000001d2a4800 JavaThread "Service Thread" daemon [_thread_blocked, id=3428, stack(0x000000001e9c0000,0x000000001eac0000)]
  0x000000001d25d800 JavaThread "C1 CompilerThread3" daemon [_thread_blocked, id=8040, stack(0x000000001ee00000,0x000000001ef00000)]
  0x000000001d23c800 JavaThread "C2 CompilerThread2" daemon [_thread_in_native, id=10104, stack(0x000000001ecc0000,0x000000001edc0000)]
  0x000000001d235800 JavaThread "C2 CompilerThread1" daemon [_thread_blocked, id=8044, stack(0x000000001e790000,0x000000001e890000)]
  0x000000001c05e800 JavaThread "C2 CompilerThread0" daemon [_thread_blocked, id=8620, stack(0x000000001eb00000,0x000000001ec00000)]
  0x000000001c05c800 JavaThread "Attach Listener" daemon [_thread_blocked, id=7648, stack(0x000000001e8b0000,0x000000001e9b0000)]
  0x000000001c05b000 JavaThread "Signal Dispatcher" daemon [_thread_blocked, id=6696, stack(0x000000001e680000,0x000000001e780000)]
  0x000000001c04c800 JavaThread "Finalizer" daemon [_thread_blocked, id=7048, stack(0x000000001e160000,0x000000001e260000)]
  0x000000001d1c3800 JavaThread "Reference Handler" daemon [_thread_blocked, id=6884, stack(0x000000001e4b0000,0x000000001e5b0000)]
=>0x0000000001f18000 JavaThread "main" [_thread_in_vm, id=5596, stack(0x0000000002280000,0x0000000002380000)]

Other Threads:
  0x000000001d1c2000 VMThread [stack: 0x000000001e2d0000,0x000000001e3d0000] [id=8384]
  0x000000001d2a6800 WatcherThread [stack: 0x000000001f0a0000,0x000000001f1a0000] [id=8940]

VM state:not at safepoint (normal execution)

VM Mutex/Monitor currently owned by a thread: None

Heap:
 PSYoungGen      total 76288K, used 10485K [0x000000076b200000, 0x0000000770700000, 0x00000007c0000000)
  eden space 65536K, 16% used [0x000000076b200000,0x000000076bc3d7d8,0x000000076f200000)
  from space 10752K, 0% used [0x000000076fc80000,0x000000076fc80000,0x0000000770700000)
  to   space 10752K, 0% used [0x000000076f200000,0x000000076f200000,0x000000076fc80000)
 ParOldGen       total 175104K, used 0K [0x00000006c1600000, 0x00000006cc100000, 0x000000076b200000)
  object space 175104K, 0% used [0x00000006c1600000,0x00000006c1600000,0x00000006cc100000)
 Metaspace       used 5192K, capacity 5752K, committed 6016K, reserved 1056768K
  class space    used 540K, capacity 560K, committed 640K, reserved 1048576K

Card table byte_map: [0x0000000011740000,0x0000000011f40000] byte_map_base: 0x000000000e135000

Marking Bits: (ParMarkBitMap*) 0x0000000061dd4040
 Begin Bits: [0x0000000012f10000, 0x0000000016eb8000)
 End Bits:   [0x0000000016eb8000, 0x000000001ae60000)

Polling page: 0x0000000001b60000

CodeCache: size=245760Kb used=1926Kb max_used=1936Kb free=243833Kb
 bounds [0x0000000002380000, 0x00000000025f0000, 0x0000000011380000]
 total_blobs=658 nmethods=322 adapters=249
 compilation: enabled

Compilation events (10 events):
Event: 0.209 Thread 0x000000001d25d800  320       3       java.lang.ThreadLocal$ThreadLocalMap::access$000 (6 bytes)
Event: 0.209 Thread 0x000000001d25d800 nmethod 320 0x0000000002560e10 code [0x0000000002560f80, 0x00000000025610e8]
Event: 0.209 Thread 0x000000001d25d800  321       3       java.lang.String::substring (56 bytes)
Event: 0.209 Thread 0x000000001d25d800 nmethod 321 0x0000000002560750 code [0x00000000025608e0, 0x0000000002560c88]
Event: 0.209 Thread 0x000000001d235800  322       4       java.lang.String::<init> (62 bytes)
Event: 0.210 Thread 0x000000001d235800 nmethod 322 0x0000000002560190 code [0x00000000025602e0, 0x0000000002560578]
Event: 0.212 Thread 0x000000001d25d800  323       3       java.net.URI::access$300 (7 bytes)
Event: 0.212 Thread 0x000000001d25d800 nmethod 323 0x000000000255fe10 code [0x000000000255ff80, 0x00000000025600e8]
Event: 0.212 Thread 0x000000001d25d800  324       3       java.net.URI::match (56 bytes)
Event: 0.213 Thread 0x000000001d25d800 nmethod 324 0x000000000255f910 code [0x000000000255fa80, 0x000000000255fd90]

GC Heap History (0 events):
No events

Deoptimization events (0 events):
No events

Internal exceptions (10 events):
Event: 0.098 Thread 0x0000000001f18000 Exception <a 'java/security/PrivilegedActionException'> (0x000000076b665630) thrown at [D:\re\workspace\8-2-build-windows-amd64-cygwin\jdk8u40\2855\hotspot\src\share\vm\prims\jvm.cpp, line 1382]
Event: 0.098 Thread 0x0000000001f18000 Exception <a 'java/security/PrivilegedActionException'> (0x000000076b6657e8) thrown at [D:\re\workspace\8-2-build-windows-amd64-cygwin\jdk8u40\2855\hotspot\src\share\vm\prims\jvm.cpp, line 1382]
Event: 0.098 Thread 0x0000000001f18000 Exception <a 'java/security/PrivilegedActionException'> (0x000000076b6668b0) thrown at [D:\re\workspace\8-2-build-windows-amd64-cygwin\jdk8u40\2855\hotspot\src\share\vm\prims\jvm.cpp, line 1382]
Event: 0.098 Thread 0x0000000001f18000 Exception <a 'java/security/PrivilegedActionException'> (0x000000076b666a68) thrown at [D:\re\workspace\8-2-build-windows-amd64-cygwin\jdk8u40\2855\hotspot\src\share\vm\prims\jvm.cpp, line 1382]
Event: 0.098 Thread 0x0000000001f18000 Exception <a 'java/security/PrivilegedActionException'> (0x000000076b667a98) thrown at [D:\re\workspace\8-2-build-windows-amd64-cygwin\jdk8u40\2855\hotspot\src\share\vm\prims\jvm.cpp, line 1382]
Event: 0.098 Thread 0x0000000001f18000 Exception <a 'java/security/PrivilegedActionException'> (0x000000076b667c50) thrown at [D:\re\workspace\8-2-build-windows-amd64-cygwin\jdk8u40\2855\hotspot\src\share\vm\prims\jvm.cpp, line 1382]
Event: 0.125 Thread 0x0000000001f18000 Exception <a 'java/security/PrivilegedActionException'> (0x000000076b75fc58) thrown at [D:\re\workspace\8-2-build-windows-amd64-cygwin\jdk8u40\2855\hotspot\src\share\vm\prims\jvm.cpp, line 1382]
Event: 0.125 Thread 0x0000000001f18000 Exception <a 'java/security/PrivilegedActionException'> (0x000000076b75fe10) thrown at [D:\re\workspace\8-2-build-windows-amd64-cygwin\jdk8u40\2855\hotspot\src\share\vm\prims\jvm.cpp, line 1382]
Event: 0.126 Thread 0x0000000001f18000 Exception <a 'java/security/PrivilegedActionException'> (0x000000076b7623b0) thrown at [D:\re\workspace\8-2-build-windows-amd64-cygwin\jdk8u40\2855\hotspot\src\share\vm\prims\jvm.cpp, line 1382]
Event: 0.126 Thread 0x0000000001f18000 Exception <a 'java/security/PrivilegedActionException'> (0x000000076b762568) thrown at [D:\re\workspace\8-2-build-windows-amd64-cygwin\jdk8u40\2855\hotspot\src\share\vm\prims\jvm.cpp, line 1382]

Events (10 events):
Event: 0.198 loading class java/util/ArrayList$SubList$1
Event: 0.198 loading class java/util/ArrayList$SubList$1 done
Event: 0.202 loading class java/net/URI
Event: 0.202 loading class java/net/URI done
Event: 0.202 loading class java/net/URI$Parser
Event: 0.202 loading class java/net/URI$Parser done
Event: 0.204 loading class java/lang/ClassLoaderHelper
Event: 0.204 loading class java/lang/ClassLoaderHelper done
Event: 0.225 loading class org/bytedeco/javacpp/ShortPointer
Event: 0.225 loading class org/bytedeco/javacpp/ShortPointer done


Dynamic libraries:
0x000000013f9b0000 - 0x000000013f9e7000 	C:\pleiades\java\8\bin\javaw.exe
0x0000000076ea0000 - 0x000000007704a000 	C:\Windows\SYSTEM32\ntdll.dll
0x0000000076d80000 - 0x0000000076e9f000 	C:\Windows\system32\kernel32.dll
0x000007fefcc60000 - 0x000007fefccca000 	C:\Windows\system32\KERNELBASE.dll
0x000007fefd890000 - 0x000007fefd96b000 	C:\Windows\system32\ADVAPI32.dll
0x000007fefeb60000 - 0x000007fefebff000 	C:\Windows\system32\msvcrt.dll
0x000007feff190000 - 0x000007feff1af000 	C:\Windows\SYSTEM32\sechost.dll
0x000007fefec20000 - 0x000007fefed4d000 	C:\Windows\system32\RPCRT4.dll
0x0000000076c80000 - 0x0000000076d7a000 	C:\Windows\system32\USER32.dll
0x000007feff120000 - 0x000007feff187000 	C:\Windows\system32\GDI32.dll
0x000007fefd880000 - 0x000007fefd88e000 	C:\Windows\system32\LPK.dll
0x000007fefd970000 - 0x000007fefda3a000 	C:\Windows\system32\USP10.dll
0x000007fefb730000 - 0x000007fefb924000 	C:\Windows\WinSxS\amd64_microsoft.windows.common-controls_6595b64144ccf1df_6.0.7601.18837_none_fa3b1e3d17594757\COMCTL32.dll
0x000007fefd720000 - 0x000007fefd791000 	C:\Windows\system32\SHLWAPI.dll
0x000007fefed50000 - 0x000007fefed7e000 	C:\Windows\system32\IMM32.DLL
0x000007fefe870000 - 0x000007fefe979000 	C:\Windows\system32\MSCTF.dll
0x00000000637e0000 - 0x00000000638b2000 	C:\pleiades\java\8\jre\bin\msvcr100.dll
0x00000000615d0000 - 0x0000000061e53000 	C:\pleiades\java\8\jre\bin\server\jvm.dll
0x000007fef4820000 - 0x000007fef4829000 	C:\Windows\system32\WSOCK32.dll
0x000007fefd3f0000 - 0x000007fefd43d000 	C:\Windows\system32\WS2_32.dll
0x000007fefef90000 - 0x000007fefef98000 	C:\Windows\system32\NSI.dll
0x000007fefaaf0000 - 0x000007fefab2b000 	C:\Windows\system32\WINMM.dll
0x000007fefbca0000 - 0x000007fefbcac000 	C:\Windows\system32\VERSION.dll
0x0000000077060000 - 0x0000000077067000 	C:\Windows\system32\PSAPI.DLL
0x000000006c0f0000 - 0x000000006c0ff000 	C:\pleiades\java\8\jre\bin\verify.dll
0x0000000066460000 - 0x0000000066489000 	C:\pleiades\java\8\jre\bin\java.dll
0x000000006a350000 - 0x000000006a366000 	C:\pleiades\java\8\jre\bin\zip.dll
0x000007fefda40000 - 0x000007fefe7ca000 	C:\Windows\system32\SHELL32.dll
0x000007fefed80000 - 0x000007fefef83000 	C:\Windows\system32\ole32.dll
0x000007fefcbd0000 - 0x000007fefcbdf000 	C:\Windows\system32\profapi.dll
0x0000000069480000 - 0x00000000698be000 	C:\Users\WinGAIA\.javacpp\cache\nd4j-native-0.7.3-SNAPSHOT-windows-x86_64.jar\org\nd4j\nativeblas\windows-x86_64\libnd4jcpu.dll
0x0000000555590000 - 0x0000000555621000 	C:\Users\WinGAIA\.javacpp\cache\nd4j-native-0.7.3-SNAPSHOT-windows-x86_64.jar\org\nd4j\nativeblas\windows-x86_64\jnind4jcpu.dll
0x0000000180040000 - 0x0000000180600000 	C:\msys64\usr\bin\msys-2.0.dll
0x000007fef9de0000 - 0x000007fef9f05000 	C:\Windows\system32\dbghelp.dll

VM Arguments:
jvm_args: -Dfile.encoding=UTF-8 
java_command: test_nd4j.Sample_nd4j
java_class_path (initial): C:\pleiades\workspace\originalDnn_jblas\bin;C:\aparapi-master\dist_windows_x86_64\aparapi.jar;C:\pleiades\eclipse\plugins\universal-java-matrix-package\ujmp-complete-0.3.0.jar;C:\pleiades\eclipse\plugins\org.apache.commons.StringUtils\commons-lang3-3.5.jar;C:\pleiades\eclipse\plugins\org.apache.commons.StringUtils\commons-lang3-3.5-javadoc.jar;C:\pleiades\eclipse\plugins\jblas\1.2.4\jblas-1.2.4.jar;C:\pleiades\eclipse\lombok.jar;C:\pleiades\workspace\MT\bin;C:\pleiades\eclipse\plugins\nd4j\nd4j-aeron\0.7.3-SNAPSHOT\nd4j-aeron-0.7.3-SNAPSHOT.jar;C:\pleiades\eclipse\plugins\nd4j\nd4j-api\0.7.3-SNAPSHOT\nd4j-api-0.7.3-SNAPSHOT.jar;C:\pleiades\eclipse\plugins\nd4j\nd4j-backend-impls\0.7.3-SNAPSHOT\nd4j-backend-impls-0.7.3-SNAPSHOT.jar;C:\pleiades\eclipse\plugins\nd4j\nd4j-base64\0.7.3-SNAPSHOT\nd4j-base64-0.7.3-SNAPSHOT.jar;C:\pleiades\eclipse\plugins\nd4j\nd4j-buffer\0.7.3-SNAPSHOT\nd4j-buffer-0.7.3-SNAPSHOT.jar;C:\pleiades\eclipse\plugins\nd4j\nd4j-context\0.7.3-SNAPSHOT\nd4j-context-0.7.3-SNAPSHOT.jar;C:\pleiades\eclipse\plugins\slf4j\slf4j-api-1.7.22.jar;C:\pleiades\eclipse\plugins\reflections\reflections\0.9.10\reflections-0.9.10.jar;C:\pleiades\eclipse\plugins\google.common\guava-19.0.jar;C:\pleiades\eclipse\plugins\google.common\guava-19.0-javadoc.jar;C:\pleiades\eclipse\plugins\jboss-javassist-javassist-6a3ed31\javassist.jar;C:\pleiades\eclipse\plugins\nd4j\nd4j-bytebuddy\0.7.3-SNAPSHOT\nd4j-bytebuddy-0.7.3-SNAPSHOT.jar;C:\pleiades\eclipse\plugins\nd4j\nd4j-common\0.7.3-SNAPSHOT\nd4j-common-0.7.3-SNAPSHOT.jar;C:\pleiades\eclipse\plugins\nd4j\nd4j-gson\0.7.3-SNAPSHOT\nd4j-gson-0.7.3-SNAPSHOT.jar;C:\pleiades\eclipse\plugins\nd4j\nd4j-native\0.7.3-SNAPSHOT\nd4j-native-0.7.3-SNAPSHOT.jar;C:\pleiades\eclipse\plugins\nd4j\nd4j-native-api\0.7.3-SNAPSHOT\nd4j-native-api-0.7.3-SNAPSHOT.jar;C:\pleiades\eclipse\plugins\bytedeco\javacpp\1.3.1;C:\pleiades\eclipse\plugins\bytedeco\javacpp\1.3.1\javacpp-1.3.1.jar;C:\pleiades\eclipse\plugins\apache\
Launcher Type: SUN_STANDARD

Environment Variables:
JAVA_HOME=C:\Program Files\Java\jdk1.8.0_102
PATH=C:/pleiades/eclipse/jre/bin/../jre/bin/server;C:/pleiades/eclipse/jre/bin/../jre/bin;C:/pleiades/eclipse/jre/bin/../jre/lib/amd64;C:\msys64\usr\bin;C:\mingw64\mingw64\bin;C:\ProgramData\Oracle\Java\javapath;C:\Program Files\CMake\bin;C:\Ruby23-x64\bin;C:\Program Files\Microsoft MPI\Bin\;C:\Program Files (x86)\Intel\OpenCL SDK\6.3\bin\x64;C:\Program Files (x86)\Intel\OpenCL SDK\6.3\bin\x86;C:\Program Files (x86)\Intel\OpenCL SDK\6.3\bin\Pin;C:\Program Files (x86)\Intel\OpenCL SDK\6.3\bin\GTPin;C:\Program Files\Python35\Scripts\;C:\Program Files\Python35\;C:\Program Files\Java\jdk1.8.0_102\bin\;C:\Program Files (x86)\AMD APP\bin\x86_64;C:\Program Files (x86)\AMD APP\bin\x86;C:\Program Files (x86)\Intel\iCLS Client\;C:\Program Files\Intel\iCLS Client\;C:\Windows\system32;C:\Windows;C:\Windows\System32\Wbem;C:\Windows\System32\WindowsPowerShell\v1.0\;C:\Program Files\Intel\Intel(R) Management Engine Components\DAL;C:\Program Files\Intel\Intel(R) Management Engine Components\IPT;C:\Program Files (x86)\Intel\Intel(R) Management Engine Components\DAL;C:\Program Files (x86)\Intel\Intel(R) Management Engine Components\IPT;C:\Program Files (x86)\ATI Technologies\ATI.ACE\Core-Static;C:\Program Files (x86)\Intel\OpenCL SDK\3.0\bin\x86;C:\Program Files (x86)\Intel\OpenCL SDK\3.0\bin\x64;C:\Program Files\Git\cmd;C:\BLAS;C:\apache-maven-3.3.9\bin\;C:\Apache-ant\apache-ant-1.9.7\bin;C:\MinGW\bin;C:\MinGW\msys\1.0\bin;C:\Program Files (x86)\AMD APP SDK\3.0\bin\x86_64;C:\Program Files (x86)\AMD APP SDK\3.0\bin\x86;C:\Program Files (x86)\GtkSharp\2.12\bin;C:\Program Files\Microsoft SQL Server\130\Tools\Binn\;C:\Program Files (x86)\Windows Kits\10\Windows Performance Toolkit\;C:\Program Files (x86)\scala\bin;C:\Program Files (x86)\sbt\bin;C:\opencv-3.1.0source\mingwcv\bin;C:\msys64\mingw64\bin;C:\Program Files\Microsoft\Web Platform Installer\;C:\Users\WinGAIA\.dnx\bin;C:\Program Files (x86)\scala\bin;C:\Program Files (x86)\sbt\bin;C:\activator-dist-1.3.12\bin;;C:\pleiades\eclipse;
USERNAME=WinGAIA
OS=Windows_NT
PROCESSOR_IDENTIFIER=Intel64 Family 6 Model 60 Stepping 3, GenuineIntel



---------------  S Y S T E M  ---------------

OS: Windows 7 , 64 bit Build 7601 (6.1.7601.23572)

CPU:total 8 (4 cores per cpu, 2 threads per core) family 6 model 60 stepping 3, cmov, cx8, fxsr, mmx, sse, sse2, sse3, ssse3, sse4.1, sse4.2, popcnt, avx, avx2, aes, clmul, erms, rtm, lzcnt, ht, tsc, tscinvbit, bmi1, bmi2

Memory: 4k page, physical 16686628k(7597996k free), swap 33371396k(21825996k free)

vm_info: Java HotSpot(TM) 64-Bit Server VM (25.40-b25) for windows-amd64 JRE (1.8.0_40-b25), built on Feb 10 2015 21:53:57 by "java_re" with MS VC++ 10.0 (VS2010)

time: Tue Mar 07 15:38:11 2017
elapsed time: 0 seconds (0d 0h 0m 0s)

